0 : Red Clay Cm7
1 : Equinox C#m7
2 : Jody Grind, The Bbm7
3 : Mr. P.C. Cm7
4 : Blues For Wood Fm7
5 : Interplay Fm6
6 : Solar Cm^7
7 : Birk's Works Fm6
8 : Blue In Green Dm6
9 : Booker's Waltz Ab^7
10 : Contemplation Cm7
11 : Friday The 13th G^7
12 : If You Never Come To Me C^7
13 : Pent Up House G^7
14 : Sweet Georgia Bright C7
15 : Valse Hot Ab^7
16 : Wayne's Thang Em7
17 : We Will Meet Again Cm6
18 : Blue Bossa Cm7
19 : Israel Dm
20 : Mac The Knife Bb6
21 : Sugar Cm7
22 : When The Saints Go Marching In F^
23 : Work Song Fm
24 : Beatrice F^7
25 : Jackie-ing Bb^7
26 : Lady Bird C^7
27 : On The Trail F6
28 : Peace Bb^7
29 : Sunny Am7
30 : United F^7
31 : Funkallero Cm6
32 : Yesterdays Dm
33 : Afro Blue Fm7
34 : Blues For Alice F^7
35 : Brotherhood Of Man Eb^
36 : Freight Train Ab^7
37 : Got A Match? Dm7
38 : Half Nelson C^7
39 : Leaving Bb^
40 : Old Country, The Dm
41 : Recordame Am
42 : Just A Gigolo F^
43 : Little Boat (O Barquinho) Bb^7
44 : Armando's Rhumba Cm7
45 : Summertime Am7
46 : Why Don't You Do Right? Dm7
47 : Bluesette Bb^7
48 : Central Park West B^7
49 : Footprints Cm7
50 : Four On Six Gm7
51 : Light Blue C^7
52 : Paper Doll F6
53 : Serenity Eb^7
54 : Simone Dm7
55 : St. Thomas C6
56 : Ballade F6
57 : Minor Strain Dm7
58 : Song For My Father Fm7
59 : Witch Hunt Cm7
60 : If You Ever Should Leave C^
61 : Night Dreamer G^7
62 : Boo Boo's Birthday C^7
63 : Girl Talk F^7
64 : Serenade To A Cuckoo Fm7
65 : It's Been A Long Long Time F6
66 : My Ideal Eb6
67 : Chucho Dm
68 : Bemsha Swing C^
69 : Idle Moments Cm
70 : I Wish I Knew How It Would Feel To Be Free F^
71 : When You're Smilin' C6
72 : Avalon Bb6
73 : Backstage Sally Fm7
74 : Gary's Notebook Cm
75 : Glad To Be Unhappy F^7
76 : Hot House C^7
77 : Hungaria G6
78 : In A Mellow Tone (In A Mellotone) Ab6
79 : I've Found A New Baby v2 F6
80 : Lennie's Pennies Cm6
81 : Move Bb6
82 : So Danco Samba C6
83 : Someday My Prince Will Come Bb^7
84 : Subconscious Lee C^7
85 : Tune Up D^7
86 : What Is This Thing Called Love C^7
87 : Bossa Antigua Ab^7
88 : Bright Mississippi Ab6
89 : Cool One, The G^7
90 : Fine And Dandy F^7
91 : I've Got A Crush On You Bb6
92 : Jeannie's Song F^7
93 : Minor Mood Fm^7
94 : Nothing Personal Gm
95 : O Grande Amor Am
96 : All Of Me C6
97 : Autumn Leaves Gm6
98 : Fools Rush In C6
99 : Boy Next Door Bb^7
100 : I Fall In Love Too Easily Eb6
101 : In A Shanty In Old Shanty Town F6
102 : Rose Room G6
103 : Shadow Of Your Smile, The G6
104 : Shine Eb6
105 : Smile F6
106 : Struttin' With Some Barbecue F6
107 : Weaver Of Dreams, A C^7
108 : 502 Blues Em7
109 : Bill Bailey G^
110 : Blue Lou Bb^7
111 : Broadway Bb6
112 : Dearly Beloved C6
113 : Good Life, The Ab6
114 : I Love Paris C6
115 : I Love You F6
116 : In A Little Spanish Town G6
117 : Look For The Silver Lining Bb^7
118 : My Melancholy Baby Bb6
119 : Nuages G6
120 : Remember Ab^7
121 : So Nice (Summer Samba) F6
122 : Stella By Starlight Bb^7
123 : Them There Eyes Ab6
124 : Time On My Hands F^7
125 : Why Do I Love You? Ab6
126 : Zingaro (Retrato Em Branco E Preto) Gm7
127 : Baubles, Bangles And Beads Ab^7
128 : Beautiful Love Dm
129 : Candy Bb6
130 : Dancing In The Dark C6
131 : Donna Lee Ab^7
132 : Fine Romance, A C6
133 : Hackensack F6
134 : I Can't Believe...You're In Love... C^7
135 : I'll Close My Eyes F^7
136 : Jersey Bounce F6
137 : Just Friends G6
138 : Just In Time Bb6
139 : Take The A Train C6
140 : This Can't Be Love F6
141 : You Stepped Out Of A Dream C^7
142 : Across The Valley From The Alamo F^7
143 : Beautiful Friendship, A C6
144 : Best Things In Life Are Free, The C6
145 : Don't Worry 'Bout Me Ab6
146 : Exactly Like You C6
147 : I've Found A New Baby F^7
148 : How High The Moon G6
149 : Corcovado C6
